<?xml version="1.0" encoding="UTF-8"?>
<testsuite xmlns:xsi="http://www.w3.org/2001/XMLSchema-instance" xsi:noNamespaceSchemaLocation="https://maven.apache.org/surefire/maven-surefire-plugin/xsd/surefire-test-report.xsd" version="3.0.2" name="fit.bitjv.semestral.service.DirectorServiceTest" time="1.539" tests="3" errors="0" skipped="0" failures="0">
  <properties>
[...]
</properties>
  <testcase name="directorCanBeCreated" classname="fit.bitjv.semestral.service.DirectorServiceTest" time="0.034">
    <system-out><![CDATA[2025-02-12T11:15:11.814+01:00  INFO 1736 --- [semestral] [           main] t.c.s.AnnotationConfigContextLoaderUtils : Could not detect default configuration classes for test class [fit.bitjv.semestral.service.DirectorServiceTest]: DirectorServiceTest does not declare any static, non-private, non-final, nested classes annotated with @Configuration.
2025-02-12T11:15:11.837+01:00  INFO 1736 --- [semestral] [           main] .b.t.c.SpringBootTestContextBootstrapper : Found @SpringBootConfiguration fit.bitjv.semestral.SemestralApplication for test class fit.bitjv.semestral.service.DirectorServiceTest
2025-02-12T11:15:11.845+01:00  INFO 1736 --- [semestral] [           main] o.s.b.d.r.RestartApplicationListener     : Restart disabled due to context in which it is running

  .   ____          _            __ _ _
 /\\ / ___'_ __ _ _(_)_ __  __ _ \ \ \ \
( ( )\___ | '_ | '_| | '_ \/ _` | \ \ \ \
 \\/  ___)| |_)| | | | | || (_| |  ) ) ) )
  '  |____| .__|_| |_|_| |_\__, | / / / /
 =========|_|==============|___/=/_/_/_/

 :: Spring Boot ::                (v3.4.2)

2025-02-12T11:15:11.890+01:00  INFO 1736 --- [semestral] [           main] f.b.s.service.DirectorServiceTest        : Starting DirectorServiceTest using Java 17.0.14 with PID 1736 (started by kebabossss in /home/kebabossss/semestral-server)
2025-02-12T11:15:11.890+01:00 DEBUG 1736 --- [semestral] [           main] f.b.s.service.DirectorServiceTest        : Running with Spring Boot v3.4.2, Spring v6.2.2
2025-02-12T11:15:11.890+01:00  INFO 1736 --- [semestral] [           main] f.b.s.service.DirectorServiceTest        : No active profile set, falling back to 1 default profile: "default"
2025-02-12T11:15:12.295+01:00  INFO 1736 --- [semestral] [           main] .s.d.r.c.RepositoryConfigurationDelegate : Bootstrapping Spring Data JPA repositories in DEFAULT mode.
2025-02-12T11:15:12.326+01:00  INFO 1736 --- [semestral] [           main] .s.d.r.c.RepositoryConfigurationDelegate : Finished Spring Data repository scanning in 28 ms. Found 3 JPA repository interfaces.
2025-02-12T11:15:12.643+01:00  INFO 1736 --- [semestral] [           main] o.hibernate.jpa.internal.util.LogHelper  : HHH000204: Processing PersistenceUnitInfo [name: default]
2025-02-12T11:15:12.649+01:00  INFO 1736 --- [semestral] [           main] o.h.c.internal.RegionFactoryInitiator    : HHH000026: Second-level cache disabled
2025-02-12T11:15:12.673+01:00  INFO 1736 --- [semestral] [           main] o.s.o.j.p.SpringPersistenceUnitInfo      : No LoadTimeWeaver setup: ignoring JPA class transformer
2025-02-12T11:15:12.676+01:00  INFO 1736 --- [semestral] [           main] com.zaxxer.hikari.HikariDataSource       : HikariPool-3 - Starting...
2025-02-12T11:15:12.678+01:00  INFO 1736 --- [semestral] [           main] com.zaxxer.hikari.pool.HikariPool        : HikariPool-3 - Added connection conn20: url=jdbc:h2:file:./database/MoviesDB user=
2025-02-12T11:15:12.679+01:00  INFO 1736 --- [semestral] [           main] com.zaxxer.hikari.HikariDataSource       : HikariPool-3 - Start completed.
2025-02-12T11:15:12.680+01:00  WARN 1736 --- [semestral] [           main] org.hibernate.orm.deprecation            : HHH90000025: H2Dialect does not need to be specified explicitly using 'hibernate.dialect' (remove the property setting and it will be selected by default)
2025-02-12T11:15:12.680+01:00  INFO 1736 --- [semestral] [           main] org.hibernate.orm.connections.pooling    : HHH10001005: Database info:
	Database JDBC URL [Connecting through datasource 'HikariDataSource (HikariPool-3)']
	Database driver: undefined/unknown
	Database version: 2.3.232
	Autocommit mode: undefined/unknown
	Isolation level: undefined/unknown
	Minimum pool size: undefined/unknown
	Maximum pool size: undefined/unknown
2025-02-12T11:15:12.838+01:00  INFO 1736 --- [semestral] [           main] o.h.e.t.j.p.i.JtaPlatformInitiator       : HHH000489: No JTA platform available (set 'hibernate.transaction.jta.platform' to enable JTA platform integration)
2025-02-12T11:15:12.845+01:00  INFO 1736 --- [semestral] [           main] j.LocalContainerEntityManagerFactoryBean : Initialized JPA EntityManagerFactory for persistence unit 'default'
2025-02-12T11:15:13.033+01:00  WARN 1736 --- [semestral] [           main] JpaBaseConfiguration$JpaWebConfiguration : spring.jpa.open-in-view is enabled by default. Therefore, database queries may be performed during view rendering. Explicitly configure spring.jpa.open-in-view to disable this warning
2025-02-12T11:15:13.060+01:00  INFO 1736 --- [semestral] [           main] o.s.v.b.OptionalValidatorFactoryBean     : Failed to set up a Bean Validation provider: jakarta.validation.NoProviderFoundException: Unable to create a Configuration, because no Jakarta Bean Validation provider could be found. Add a provider like Hibernate Validator (RI) to your classpath.
2025-02-12T11:15:13.212+01:00  INFO 1736 --- [semestral] [           main] o.s.b.a.h2.H2ConsoleAutoConfiguration    : H2 console available at '/h2-console'. Database available at 'jdbc:h2:file:./database/MoviesDB'
2025-02-12T11:15:13.252+01:00  INFO 1736 --- [semestral] [           main] f.b.s.service.DirectorServiceTest        : Started DirectorServiceTest in 1.407 seconds (process running for 14.044)
]]></system-out>
  </testcase>
  <testcase name="directorCanBeDeleted" classname="fit.bitjv.semestral.service.DirectorServiceTest" time="0.012"/>
  <testcase name="duplicateDirectorCannotBeCreated" classname="fit.bitjv.semestral.service.DirectorServiceTest" time="0.044"/>
</testsuite>